# JRE version: Java(TM) SE Runtime Environment (8.0_121-b13) (build 1.8.0_121-b13)
# Java VM: Java HotSpot(TM) 64-Bit Server VM (25.121-b13 mixed mode windows-amd64 compressed oops)
Heap:
 PSYoungGen      total 38912K, used 9343K [0x000000076ac00000, 0x000000076d480000, 0x00000007c0000000)
  eden space 37888K, 23% used [0x000000076ac00000,0x000000076b4c7ef0,0x000000076d100000)
  from space 1024K, 34% used [0x000000076d280000,0x000000076d2d8000,0x000000076d380000)
  to   space 1024K, 0% used [0x000000076d380000,0x000000076d380000,0x000000076d480000)
 ParOldGen       total 145408K, used 26741K [0x00000006c0400000, 0x00000006c9200000, 0x000000076ac00000)
  object space 145408K, 18% used [0x00000006c0400000,0x00000006c1e1d530,0x00000006c9200000)
 Metaspace       used 21743K, capacity 22746K, committed 22912K, reserved 1069056K
  class space    used 2912K, capacity 3137K, committed 3200K, reserved 1048576K
GC Heap History (10 events):
Event: 1569.383 GC heap before
{Heap before GC invocations=74 (full 1):
 PSYoungGen      total 38400K, used 38272K [0x000000076ac00000, 0x000000076d580000, 0x00000007c0000000)
  eden space 37888K, 100% used [0x000000076ac00000,0x000000076d100000,0x000000076d100000)
  from space 512K, 75% used [0x000000076d500000,0x000000076d560000,0x000000076d580000)
  to   space 1024K, 0% used [0x000000076d380000,0x000000076d380000,0x000000076d480000)
 ParOldGen       total 145408K, used 26738K [0x00000006c0400000, 0x00000006c9200000, 0x000000076ac00000)
  object space 145408K, 18% used [0x00000006c0400000,0x00000006c1e1c808,0x00000006c9200000)
 Metaspace       used 21724K, capacity 22746K, committed 22912K, reserved 1069056K
  class space    used 2911K, capacity 3137K, committed 3200K, reserved 1048576K
Event: 1569.385 GC heap after
Heap after GC invocations=74 (full 1):
 PSYoungGen      total 38912K, used 416K [0x000000076ac00000, 0x000000076d580000, 0x00000007c0000000)
  eden space 37888K, 0% used [0x000000076ac00000,0x000000076ac00000,0x000000076d100000)
  from space 1024K, 40% used [0x000000076d380000,0x000000076d3e8000,0x000000076d480000)
  to   space 1024K, 0% used [0x000000076d480000,0x000000076d480000,0x000000076d580000)
 ParOldGen       total 145408K, used 26738K [0x00000006c0400000, 0x00000006c9200000, 0x000000076ac00000)
  object space 145408K, 18% used [0x00000006c0400000,0x00000006c1e1c808,0x00000006c9200000)
 Metaspace       used 21724K, capacity 22746K, committed 22912K, reserved 1069056K
  class space    used 2911K, capacity 3137K, committed 3200K, reserved 1048576K
}
Event: 1572.484 GC heap before
{Heap before GC invocations=75 (full 1):
 PSYoungGen      total 38912K, used 38304K [0x000000076ac00000, 0x000000076d580000, 0x00000007c0000000)
  eden space 37888K, 100% used [0x000000076ac00000,0x000000076d100000,0x000000076d100000)
  from space 1024K, 40% used [0x000000076d380000,0x000000076d3e8000,0x000000076d480000)
  to   space 1024K, 0% used [0x000000076d480000,0x000000076d480000,0x000000076d580000)
 ParOldGen       total 145408K, used 26741K [0x00000006c0400000, 0x00000006c9200000, 0x000000076ac00000)
  object space 145408K, 18% used [0x00000006c0400000,0x00000006c1e1d530,0x00000006c9200000)
 Metaspace       used 21737K, capacity 22746K, committed 22912K, reserved 1069056K
  class space    used 2911K, capacity 3137K, committed 3200K, reserved 1048576K
Event: 1572.486 GC heap after
Heap after GC invocations=75 (full 1):
 PSYoungGen      total 38400K, used 384K [0x000000076ac00000, 0x000000076d500000, 0x00000007c0000000)
  eden space 37888K, 0% used [0x000000076ac00000,0x000000076ac00000,0x000000076d100000)
  from space 512K, 75% used [0x000000076d480000,0x000000076d4e0000,0x000000076d500000)
  to   space 1024K, 0% used [0x000000076d300000,0x000000076d300000,0x000000076d400000)
 ParOldGen       total 145408K, used 26741K [0x00000006c0400000, 0x00000006c9200000, 0x000000076ac00000)
  object space 145408K, 18% used [0x00000006c0400000,0x00000006c1e1d530,0x00000006c9200000)
 Metaspace       used 21737K, capacity 22746K, committed 22912K, reserved 1069056K
  class space    used 2911K, capacity 3137K, committed 3200K, reserved 1048576K
}
Event: 1575.651 GC heap before
{Heap before GC invocations=76 (full 1):
 PSYoungGen      total 38400K, used 38272K [0x000000076ac00000, 0x000000076d500000, 0x00000007c0000000)
  eden space 37888K, 100% used [0x000000076ac00000,0x000000076d100000,0x000000076d100000)
  from space 512K, 75% used [0x000000076d480000,0x000000076d4e0000,0x000000076d500000)
  to   space 1024K, 0% used [0x000000076d300000,0x000000076d300000,0x000000076d400000)
 ParOldGen       total 145408K, used 26741K [0x00000006c0400000, 0x00000006c9200000, 0x000000076ac00000)
  object space 145408K, 18% used [0x00000006c0400000,0x00000006c1e1d530,0x00000006c9200000)
 Metaspace       used 21743K, capacity 22746K, committed 22912K, reserved 1069056K
  class space    used 2912K, capacity 3137K, committed 3200K, reserved 1048576K
Event: 1575.652 GC heap after
Heap after GC invocations=76 (full 1):
 PSYoungGen      total 38912K, used 352K [0x000000076ac00000, 0x000000076d500000, 0x00000007c0000000)
  eden space 37888K, 0% used [0x000000076ac00000,0x000000076ac00000,0x000000076d100000)
  from space 1024K, 34% used [0x000000076d300000,0x000000076d358000,0x000000076d400000)
  to   space 1024K, 0% used [0x000000076d400000,0x000000076d400000,0x000000076d500000)
 ParOldGen       total 145408K, used 26741K [0x00000006c0400000, 0x00000006c9200000, 0x000000076ac00000)
  object space 145408K, 18% used [0x00000006c0400000,0x00000006c1e1d530,0x00000006c9200000)
 Metaspace       used 21743K, capacity 22746K, committed 22912K, reserved 1069056K
  class space    used 2912K, capacity 3137K, committed 3200K, reserved 1048576K
}
Event: 1578.589 GC heap before
{Heap before GC invocations=77 (full 1):
 PSYoungGen      total 38912K, used 38240K [0x000000076ac00000, 0x000000076d500000, 0x00000007c0000000)
  eden space 37888K, 100% used [0x000000076ac00000,0x000000076d100000,0x000000076d100000)
  from space 1024K, 34% used [0x000000076d300000,0x000000076d358000,0x000000076d400000)
  to   space 1024K, 0% used [0x000000076d400000,0x000000076d400000,0x000000076d500000)
 ParOldGen       total 145408K, used 26741K [0x00000006c0400000, 0x00000006c9200000, 0x000000076ac00000)
  object space 145408K, 18% used [0x00000006c0400000,0x00000006c1e1d530,0x00000006c9200000)
 Metaspace       used 21743K, capacity 22746K, committed 22912K, reserved 1069056K
  class space    used 2912K, capacity 3137K, committed 3200K, reserved 1048576K
Event: 1578.591 GC heap after
Heap after GC invocations=77 (full 1):
 PSYoungGen      total 38400K, used 384K [0x000000076ac00000, 0x000000076d480000, 0x00000007c0000000)
  eden space 37888K, 0% used [0x000000076ac00000,0x000000076ac00000,0x000000076d100000)
  from space 512K, 75% used [0x000000076d400000,0x000000076d460000,0x000000076d480000)
  to   space 1024K, 0% used [0x000000076d280000,0x000000076d280000,0x000000076d380000)
 ParOldGen       total 145408K, used 26741K [0x00000006c0400000, 0x00000006c9200000, 0x000000076ac00000)
  object space 145408K, 18% used [0x00000006c0400000,0x00000006c1e1d530,0x00000006c9200000)
 Metaspace       used 21743K, capacity 22746K, committed 22912K, reserved 1069056K
  class space    used 2912K, capacity 3137K, committed 3200K, reserved 1048576K
}
Event: 1581.551 GC heap before
{Heap before GC invocations=78 (full 1):
 PSYoungGen      total 38400K, used 38272K [0x000000076ac00000, 0x000000076d480000, 0x00000007c0000000)
  eden space 37888K, 100% used [0x000000076ac00000,0x000000076d100000,0x000000076d100000)
  from space 512K, 75% used [0x000000076d400000,0x000000076d460000,0x000000076d480000)
  to   space 1024K, 0% used [0x000000076d280000,0x000000076d280000,0x000000076d380000)
 ParOldGen       total 145408K, used 26741K [0x00000006c0400000, 0x00000006c9200000, 0x000000076ac00000)
  object space 145408K, 18% used [0x00000006c0400000,0x00000006c1e1d530,0x00000006c9200000)
 Metaspace       used 21743K, capacity 22746K, committed 22912K, reserved 1069056K
  class space    used 2912K, capacity 3137K, committed 3200K, reserved 1048576K
Event: 1581.553 GC heap after
Heap after GC invocations=78 (full 1):
 PSYoungGen      total 38912K, used 352K [0x000000076ac00000, 0x000000076d480000, 0x00000007c0000000)
  eden space 37888K, 0% used [0x000000076ac00000,0x000000076ac00000,0x000000076d100000)
  from space 1024K, 34% used [0x000000076d280000,0x000000076d2d8000,0x000000076d380000)
  to   space 1024K, 0% used [0x000000076d380000,0x000000076d380000,0x000000076d480000)
 ParOldGen       total 145408K, used 26741K [0x00000006c0400000, 0x00000006c9200000, 0x000000076ac00000)
  object space 145408K, 18% used [0x00000006c0400000,0x00000006c1e1d530,0x00000006c9200000)
 Metaspace       used 21743K, capacity 22746K, committed 22912K, reserved 1069056K
  class space    used 2912K, capacity 3137K, committed 3200K, reserved 1048576K
}

